0 info it worked if it ends with ok
1 verbose cli [ '/usr/bin/node', '/usr/bin/npm', 'publish' ]
2 info using npm@3.5.2
3 info using node@v8.10.0
4 verbose publish [ '.' ]
5 silly cache add args [ '.', null ]
6 verbose cache add spec .
7 silly cache add parsed spec Result {
7 silly cache add   raw: '.',
7 silly cache add   scope: null,
7 silly cache add   name: null,
7 silly cache add   rawSpec: '.',
7 silly cache add   spec: '/mnt/c/Users/qwerp/Documents/source/hexo-deployer-s3-cloudfront',
7 silly cache add   type: 'directory' }
8 verbose addLocalDirectory /home/sora/.npm/hexo-deployer-s3-cloudfront-xdsoar/0.0.1/package.tgz not in flight; packing
9 info lifecycle hexo-deployer-s3-cloudfront-xdsoar@0.0.1~prepublish: hexo-deployer-s3-cloudfront-xdsoar@0.0.1
10 silly lifecycle hexo-deployer-s3-cloudfront-xdsoar@0.0.1~prepublish: no script for prepublish, continuing
11 verbose tar pack [ '/home/sora/.npm/hexo-deployer-s3-cloudfront-xdsoar/0.0.1/package.tgz',
11 verbose tar pack   '/mnt/c/Users/qwerp/Documents/source/hexo-deployer-s3-cloudfront' ]
12 verbose tarball /home/sora/.npm/hexo-deployer-s3-cloudfront-xdsoar/0.0.1/package.tgz
13 verbose folder /mnt/c/Users/qwerp/Documents/source/hexo-deployer-s3-cloudfront
14 verbose addLocalTarball adding from inside cache /home/sora/.npm/hexo-deployer-s3-cloudfront-xdsoar/0.0.1/package.tgz
15 silly cache afterAdd hexo-deployer-s3-cloudfront-xdsoar@0.0.1
16 verbose afterAdd /home/sora/.npm/hexo-deployer-s3-cloudfront-xdsoar/0.0.1/package/package.json not in flight; writing
17 verbose afterAdd /home/sora/.npm/hexo-deployer-s3-cloudfront-xdsoar/0.0.1/package/package.json written
18 silly publish { name: 'hexo-deployer-s3-cloudfront-xdsoar',
18 silly publish   version: '0.0.1',
18 silly publish   main: 'index',
18 silly publish   dependencies:
18 silly publish    { chalk: '^1.0.0',
18 silly publish      cloudfront: '^0.3.3',
18 silly publish      level: '^1.4.0',
18 silly publish      readdirp: '^0.3.3',
18 silly publish      's3-sync-aws': '^1.1.0',
18 silly publish      ini: '^1.3.4',
18 silly publish      s3: '^4.4.0',
18 silly publish      xtend: '^4.0.1' },
18 silly publish   readme: '# hexo-deployer-s3-cloudfront\n\nAmazon S3 and Cloudfront deployer plugin for [Hexo](http://hexo.io/). Based on Josh Strange\'s orginial plugin.\n\n## Installation\n\n``` bash\n$ npm install hexo-deployer-s3-cloudfront --save\n```\n\n## Usage\n\nAdd the plugin in the plugins list in `_config.yml`:\n\n```plugins:\n- hexo-deployer-s3-cloudfront\n```\n\nand configure the plugin in the same file with:\n\n``` yaml\n# You can use this:\ndeploy:\n  type: s3-cloudfront\n  bucket: <S3 bucket>\n  aws_key: <AWS id key>  // Optional, if the environment variable `AWS_KEY` is set\n  aws_secret: <AWS secret key>  // Optional, if the environment variable `AWS_SECRET` is set\n  concurrency: <number of connections> // Optional\n  force_overwrite: <true/false> // Optional: If existing files should be forcefully overwritten on S3. Default: true\n  region: <region>  // Optional, default: us-standard\n  prefix: <cloudfront distribution> // Optional: S3 key prefix ending in /\n  cf_distribution: <cloudfront distribution> // Optional: Which distribution should be invalidated?\n  headers: <headers in JSON format> // pass any headers to S3, usefull for metadata cache setting of Hexo assets\n```\n#### Example: header Cache-Control\n\n``` yaml\ndeploy:\n  type: s3-cloudfront\n  bucket: my-site-bucket\n  cf_distribution: mydistributionid\n  headers: {CacheControl: \'max-age=604800, public\'}\n```\n\nThis will set "Cache-Control" header in every file deployed to max-age 1 week. This solves "Leverage browser caching" on most page speed analyzers. For custom metadata use:\n\n``` yaml\n  headers: {Metadata : { x-amz-meta-mykey: "my value" }}\n```\n\n## Contributors\n\n- Wouter van Lent ([wouter33](https://github.com/wouter33))\n- Josh Strange ([joshstrange](https://github.com/joshstrange); original implementation)\n- Josenivaldo Benito Jr. ([JrBenito](https://github.com/jrbenito))\n\n## License\n\nMIT\n',
18 silly publish   readmeFilename: 'README.md',
18 silly publish   gitHead: 'cafa91148a899b7b2cd5ded21c35841761675476',
18 silly publish   description: 'Amazon S3 and Cloudfront deployer plugin for [Hexo](http://hexo.io/). Based on Josh Strange\'s orginial plugin.',
18 silly publish   _id: 'hexo-deployer-s3-cloudfront-xdsoar@0.0.1',
18 silly publish   scripts: {},
18 silly publish   _shasum: 'b2646a848b5d334248d33f15684281e3374a8227',
18 silly publish   _from: '.' }
19 verbose getPublishConfig undefined
20 silly mapToRegistry name hexo-deployer-s3-cloudfront-xdsoar
21 silly mapToRegistry using default registry
22 silly mapToRegistry registry https://registry.npmjs.org/
23 silly mapToRegistry uri https://registry.npmjs.org/hexo-deployer-s3-cloudfront-xdsoar
24 verbose publish registryBase https://registry.npmjs.org/
25 silly publish uploading /home/sora/.npm/hexo-deployer-s3-cloudfront-xdsoar/0.0.1/package.tgz
26 verbose request uri https://registry.npmjs.org/hexo-deployer-s3-cloudfront-xdsoar
27 verbose request sending authorization for write operation
28 info attempt registry request try #1 at 7:42:54 AM
29 verbose request using bearer token for auth
30 verbose request id 9a6adfad3af7619d
31 http request PUT https://registry.npmjs.org/hexo-deployer-s3-cloudfront-xdsoar
32 http 403 https://registry.npmjs.org/hexo-deployer-s3-cloudfront-xdsoar
33 verbose headers { date: 'Mon, 17 Jun 2019 23:43:02 GMT',
33 verbose headers   'content-type': 'application/json',
33 verbose headers   'transfer-encoding': 'chunked',
33 verbose headers   connection: 'keep-alive',
33 verbose headers   'set-cookie':
33 verbose headers    [ '__cfduid=dbedd919c72c9d5d2013da4218c54a7a91560814981; expires=Tue, 16-Jun-20 23:43:01 GMT; path=/; domain=.npmjs.org; HttpOnly' ],
33 verbose headers   'cf-ray': '4e88e223cf38d332-LAX',
33 verbose headers   'expect-ct': 'max-age=604800, report-uri="https://report-uri.cloudflare.com/cdn-cgi/beacon/expect-ct"',
33 verbose headers   vary: 'Accept-Encoding',
33 verbose headers   server: 'cloudflare',
33 verbose headers   'content-encoding': 'gzip' }
34 verbose request invalidating /home/sora/.npm/registry.npmjs.org/hexo-deployer-s3-cloudfront-xdsoar on PUT
35 error publish Failed PUT 403
36 verbose stack Error: You cannot publish over the previously published versions: 0.0.1. : hexo-deployer-s3-cloudfront-xdsoar
36 verbose stack     at makeError (/usr/share/npm/node_modules/npm-registry-client/lib/request.js:264:12)
36 verbose stack     at CachingRegistryClient.<anonymous> (/usr/share/npm/node_modules/npm-registry-client/lib/request.js:252:14)
36 verbose stack     at /usr/share/npm/node_modules/npm-registry-client/lib/request.js:178:7
36 verbose stack     at Gunzip.onEnd (zlib.js:131:5)
36 verbose stack     at emitNone (events.js:111:20)
36 verbose stack     at Gunzip.emit (events.js:208:7)
36 verbose stack     at endReadableNT (_stream_readable.js:1064:12)
36 verbose stack     at _combinedTickCallback (internal/process/next_tick.js:138:11)
36 verbose stack     at process._tickCallback (internal/process/next_tick.js:180:9)
37 verbose statusCode 403
38 verbose pkgid hexo-deployer-s3-cloudfront-xdsoar
39 verbose cwd /mnt/c/Users/qwerp/Documents/source/hexo-deployer-s3-cloudfront
40 error Linux 4.4.0-17763-Microsoft
41 error argv "/usr/bin/node" "/usr/bin/npm" "publish"
42 error node v8.10.0
43 error npm  v3.5.2
44 error code E403
45 error You cannot publish over the previously published versions: 0.0.1. : hexo-deployer-s3-cloudfront-xdsoar
46 error If you need help, you may report this error at:
46 error     <https://github.com/npm/npm/issues>
47 verbose exit [ 1, true ]
